<?xml version="1.0" encoding="UTF-8"?>
<!-- Generated by org.testng.reporters.JUnitReportReporter -->
<testsuite hostname="DESKTOP-K5FN7OQ" failures="0" tests="1" name="qaAcademy.Maven_Project.RESTAPITest" time="0.001" errors="0" timestamp="19 May 2023 06:57:53 GMT" skipped="0">
  <testcase classname="qaAcademy.Maven_Project.RESTAPITest" name="deleteTwitter" time="0.001"/>
</testsuite> <!-- qaAcademy.Maven_Project.RESTAPITest -->
