<?xml version="1.0" encoding="UTF-8"?>
<!-- Generated by org.testng.reporters.JUnitReportReporter -->
<testsuite hostname="DESKTOP-K5FN7OQ" failures="0" tests="2" name="qaAcademy.Maven_Project.SeleniumTest" time="0.000" errors="0" timestamp="19 May 2023 06:57:53 GMT" skipped="0">
  <testcase classname="qaAcademy.Maven_Project.SeleniumTest" name="BrowserAutomation" time="0.000"/>
  <testcase classname="qaAcademy.Maven_Project.SeleniumTest" name="Elements" time="0.000"/>
</testsuite> <!-- qaAcademy.Maven_Project.SeleniumTest -->
