<?xml version="1.0" encoding="UTF-8"?>
<!-- Generated by org.testng.reporters.JUnitReportReporter -->
<testsuite hostname="DESKTOP-K5FN7OQ" failures="0" tests="2" name="qaAcademy.Maven_Project.SeleniumTest" time="0.002" errors="0" timestamp="01 Jun 2023 10:23:33 GMT" skipped="0">
  <testcase classname="qaAcademy.Maven_Project.SeleniumTest" name="BrowserAutomation" time="0.001"/>
  <testcase classname="qaAcademy.Maven_Project.SeleniumTest" name="Elements" time="0.001"/>
</testsuite> <!-- qaAcademy.Maven_Project.SeleniumTest -->
