<?xml version="1.0" encoding="UTF-8"?>
<!-- Generated by org.testng.reporters.JUnitReportReporter -->
<testsuite hostname="DESKTOP-K5FN7OQ" failures="0" tests="2" name="qaAcademy.Maven_Project.AppiumTest" time="0.006" errors="0" timestamp="19 May 2023 06:57:53 GMT" skipped="0">
  <testcase classname="qaAcademy.Maven_Project.AppiumTest" name="NativeAppAndroid" time="0.001"/>
  <testcase classname="qaAcademy.Maven_Project.AppiumTest" name="IOSApps" time="0.005"/>
</testsuite> <!-- qaAcademy.Maven_Project.AppiumTest -->
